<?xml version="1.0" encoding="UTF-8"?>
<!-- Generated by org.testng.reporters.JUnitXMLReporter -->
<testsuite hostname="DESKTOP-P0VOKG9" name="Default test" tests="13" failures="0" timestamp="28 Sep 2019 18:15:17 GMT" time="0.236" errors="0">
  <testcase name="@BeforeTest launchChromeBrowser" time="0.0" classname="ownAssignments.GMailAssignmentWithExtentReport">
    <failure type="org.testng.TestNGException" message="
Parameter &amp;apos;browser&amp;apos; is required by @Configuration on method launchChromeBrowser but has not been marked @Optional or defined
in C:\Users\Atharva\AppData\Local\Temp\testng-eclipse--410636131\testng-customsuite.xml">
      <![CDATA[org.testng.TestNGException: 
Parameter 'browser' is required by @Configuration on method launchChromeBrowser but has not been marked @Optional or defined
in C:\Users\Atharva\AppData\Local\Temp\testng-eclipse--410636131\testng-customsuite.xml
	at org.testng.internal.Parameters.createParameters(Parameters.java:154)
	at org.testng.internal.Parameters.createParameters(Parameters.java:361)
	at org.testng.internal.Parameters.createConfigurationParameters(Parameters.java:84)
	at org.testng.internal.Invoker.invokeConfigurations(Invoker.java:202)
	at org.testng.internal.Invoker.invokeConfigurations(Invoker.java:143)
	at org.testng.TestRunner.beforeRun(TestRunner.java:656)
	at org.testng.TestRunner.run(TestRunner.java:624)
	at org.testng.SuiteRunner.runTest(SuiteRunner.java:366)
	at org.testng.SuiteRunner.runSequentially(SuiteRunner.java:361)
	at org.testng.SuiteRunner.privateRun(SuiteRunner.java:319)
	at org.testng.SuiteRunner.run(SuiteRunner.java:268)
	at org.testng.SuiteRunnerWorker.runSuite(SuiteRunnerWorker.java:52)
	at org.testng.SuiteRunnerWorker.run(SuiteRunnerWorker.java:86)
	at org.testng.TestNG.runSuitesSequentially(TestNG.java:1225)
	at org.testng.TestNG.runSuitesLocally(TestNG.java:1150)
	at org.testng.TestNG.runSuites(TestNG.java:1075)
	at org.testng.TestNG.run(TestNG.java:1047)
	at org.testng.remote.AbstractRemoteTestNG.run(AbstractRemoteTestNG.java:126)
	at org.testng.remote.RemoteTestNG.initAndRun(RemoteTestNG.java:137)
	at org.testng.remote.RemoteTestNG.main(RemoteTestNG.java:58)
]]>
    </failure>
  </testcase> <!-- @BeforeTest launchChromeBrowser -->
  <testcase name="enterEmailIDAndClickOnNextButton" time="0.003" classname="ownAssignments.GMailAssignmentWithExtentReport">
    <skipped/>
  </testcase> <!-- enterEmailIDAndClickOnNextButton -->
  <testcase name="enterPasswordAndClickOnNext" time="0.006" classname="ownAssignments.GMailAssignmentWithExtentReport">
    <skipped/>
  </testcase> <!-- enterPasswordAndClickOnNext -->
  <testcase name="clickOnComposeButton" time="0.006" classname="ownAssignments.GMailAssignmentWithExtentReport">
    <skipped/>
  </testcase> <!-- clickOnComposeButton -->
  <testcase name="markSocial" time="0.012" classname="ownAssignments.GMailAssignmentWithExtentReport">
    <skipped/>
  </testcase> <!-- markSocial -->
  <testcase name="hoverMouseOverLabelMenu" time="0.004" classname="ownAssignments.GMailAssignmentWithExtentReport">
    <skipped/>
  </testcase> <!-- hoverMouseOverLabelMenu -->
  <testcase name="enterSocialTextAndSelect" time="0.01" classname="ownAssignments.GMailAssignmentWithExtentReport">
    <skipped/>
  </testcase> <!-- enterSocialTextAndSelect -->
  <testcase name="enterToEmailID" time="0.007" classname="ownAssignments.GMailAssignmentWithExtentReport">
    <skipped/>
  </testcase> <!-- enterToEmailID -->
  <testcase name="enterSubject" time="0.005" classname="ownAssignments.GMailAssignmentWithExtentReport">
    <skipped/>
  </testcase> <!-- enterSubject -->
  <testcase name="enterMailBodyContent" time="0.005" classname="ownAssignments.GMailAssignmentWithExtentReport">
    <skipped/>
  </testcase> <!-- enterMailBodyContent -->
  <testcase name="clickOnSendButton" time="0.003" classname="ownAssignments.GMailAssignmentWithExtentReport">
    <skipped/>
  </testcase> <!-- clickOnSendButton -->
  <testcase name="verifyEmailReceivedInSocialTab" time="0.002" classname="ownAssignments.GMailAssignmentWithExtentReport">
    <skipped/>
  </testcase> <!-- verifyEmailReceivedInSocialTab -->
  <testcase name="verifyEmailReceivedAndMarkStar" time="0.002" classname="ownAssignments.GMailAssignmentWithExtentReport">
    <skipped/>
  </testcase> <!-- verifyEmailReceivedAndMarkStar -->
  <testcase name="openEmail" time="0.002" classname="ownAssignments.GMailAssignmentWithExtentReport">
    <skipped/>
  </testcase> <!-- openEmail -->
</testsuite> <!-- Default test -->
