<?xml version="1.0" encoding="UTF-8"?>
<!-- Generated by org.testng.reporters.JUnitXMLReporter -->
<testsuite hostname="DESKTOP-P0VOKG9" name="Test 1" tests="13" failures="2" timestamp="28 Sep 2019 18:35:42 GMT" time="84.535" errors="0">
  <testcase name="enterEmailIDAndClickOnNextButton" time="0.666" classname="ownAssignments.GMailAssignmentWithExtentReport"/>
  <testcase name="enterPasswordAndClickOnNext" time="3.399" classname="ownAssignments.GMailAssignmentWithExtentReport"/>
  <testcase name="clickOnComposeButton" time="14.135" classname="ownAssignments.GMailAssignmentWithExtentReport"/>
  <testcase name="markSocial" time="3.327" classname="ownAssignments.GMailAssignmentWithExtentReport"/>
  <testcase name="hoverMouseOverLabelMenu" time="3.285" classname="ownAssignments.GMailAssignmentWithExtentReport"/>
  <testcase name="enterSocialTextAndSelect" time="11.413" classname="ownAssignments.GMailAssignmentWithExtentReport"/>
  <testcase name="enterToEmailID" time="2.569" classname="ownAssignments.GMailAssignmentWithExtentReport"/>
  <testcase name="enterSubject" time="2.818" classname="ownAssignments.GMailAssignmentWithExtentReport"/>
  <testcase name="enterMailBodyContent" time="3.025" classname="ownAssignments.GMailAssignmentWithExtentReport"/>
  <testcase name="clickOnSendButton" time="2.351" classname="ownAssignments.GMailAssignmentWithExtentReport"/>
  <testcase name="verifyEmailReceivedInSocialTab" time="6.061" classname="ownAssignments.GMailAssignmentWithExtentReport"/>
  <testcase name="verifyEmailReceivedAndMarkStar" time="18.301" classname="ownAssignments.GMailAssignmentWithExtentReport">
    <failure type="org.openqa.selenium.TimeoutException" message="Expected condition failed: waiting for element to be clickable: By.xpath: //span[text()=&amp;apos;In regards with selenium automation&amp;apos;]/parent::div/parent::td/preceding-sibling::td/span[1] (tried for 10 second(s) with 500 milliseconds interval)
Build info: version: &amp;apos;3.141.59&amp;apos;, revision: &amp;apos;e82be7d358&amp;apos;, time: &amp;apos;2018-11-14T08:17:03&amp;apos;
System info: host: &amp;apos;DESKTOP-P0VOKG9&amp;apos;, ip: &amp;apos;192.168.0.102&amp;apos;, os.name: &amp;apos;Windows 10&amp;apos;, os.arch: &amp;apos;amd64&amp;apos;, os.version: &amp;apos;10.0&amp;apos;, java.version: &amp;apos;1.8.0_121&amp;apos;
Driver info: org.openqa.selenium.chrome.ChromeDriver
Capabilities {acceptInsecureCerts: false, browserName: chrome, browserVersion: 77.0.3865.90, chrome: {chromedriverVersion: 76.0.3809.126 (d80a294506b4..., userDataDir: C:\Users\Atharva\AppData\Lo...}, goog:chromeOptions: {debuggerAddress: localhost:49631}, javascriptEnabled: true, networkConnectionEnabled: false, pageLoadStrategy: normal, platform: XP, platformName: XP, proxy: Proxy(), setWindowRect: true, strictFileInteractability: false, timeouts: {implicit: 0, pageLoad: 300000, script: 30000}, unhandledPromptBehavior: dismiss and notify}
Session ID: e8f6c789b8ee605093018575ccdc6415">
      <![CDATA[org.openqa.selenium.TimeoutException: Expected condition failed: waiting for element to be clickable: By.xpath: //span[text()='In regards with selenium automation']/parent::div/parent::td/preceding-sibling::td/span[1] (tried for 10 second(s) with 500 milliseconds interval)
Build info: version: '3.141.59', revision: 'e82be7d358', time: '2018-11-14T08:17:03'
System info: host: 'DESKTOP-P0VOKG9', ip: '192.168.0.102', os.name: 'Windows 10', os.arch: 'amd64', os.version: '10.0', java.version: '1.8.0_121'
Driver info: org.openqa.selenium.chrome.ChromeDriver
Capabilities {acceptInsecureCerts: false, browserName: chrome, browserVersion: 77.0.3865.90, chrome: {chromedriverVersion: 76.0.3809.126 (d80a294506b4..., userDataDir: C:\Users\Atharva\AppData\Lo...}, goog:chromeOptions: {debuggerAddress: localhost:49631}, javascriptEnabled: true, networkConnectionEnabled: false, pageLoadStrategy: normal, platform: XP, platformName: XP, proxy: Proxy(), setWindowRect: true, strictFileInteractability: false, timeouts: {implicit: 0, pageLoad: 300000, script: 30000}, unhandledPromptBehavior: dismiss and notify}
Session ID: e8f6c789b8ee605093018575ccdc6415
	at org.openqa.selenium.support.ui.WebDriverWait.timeoutException(WebDriverWait.java:95)
	at org.openqa.selenium.support.ui.FluentWait.until(FluentWait.java:272)
	at ownAssignments.GMailAssignmentWithExtentReport.verifyEmailReceivedAndMarkStar(GMailAssignmentWithExtentReport.java:184)
	at java.util.concurrent.FutureTask.run(FutureTask.java:266)
	at java.util.concurrent.ThreadPoolExecutor.runWorker(ThreadPoolExecutor.java:1142)
	at java.util.concurrent.ThreadPoolExecutor$Worker.run(ThreadPoolExecutor.java:617)
	at java.lang.Thread.run(Thread.java:745)
... Removed 16 stack frames]]>
    </failure>
  </testcase> <!-- verifyEmailReceivedAndMarkStar -->
  <testcase name="openEmail" time="4.18" classname="ownAssignments.GMailAssignmentWithExtentReport">
    <failure type="java.lang.AssertionError" message="expected [true] but found [false]">
      <![CDATA[java.lang.AssertionError: expected [true] but found [false]
	at ownAssignments.GMailAssignmentWithExtentReport.openEmail(GMailAssignmentWithExtentReport.java:205)
	at java.util.concurrent.FutureTask.run(FutureTask.java:266)
	at java.util.concurrent.ThreadPoolExecutor.runWorker(ThreadPoolExecutor.java:1142)
	at java.util.concurrent.ThreadPoolExecutor$Worker.run(ThreadPoolExecutor.java:617)
	at java.lang.Thread.run(Thread.java:745)
... Removed 20 stack frames]]>
    </failure>
  </testcase> <!-- openEmail -->
</testsuite> <!-- Test 1 -->
