<?xml version="1.0" encoding="UTF-8"?>
<!-- Generated by org.testng.reporters.JUnitXMLReporter -->
<testsuite hostname="DESKTOP-P0VOKG9" name="Test" tests="13" failures="1" timestamp="21 Sep 2019 16:47:11 GMT" time="91.107" errors="0">
  <testcase name="enterEmailIDAndClickOnNextButton" time="0.569" classname="ownAssignments.GMailAssignment"/>
  <testcase name="enterPasswordAndClickOnNext" time="11.357" classname="ownAssignments.GMailAssignment"/>
  <testcase name="clickOnComposeButton" time="0.483" classname="ownAssignments.GMailAssignment"/>
  <testcase name="markSocial" time="8.569" classname="ownAssignments.GMailAssignment"/>
  <testcase name="hoverMouseOverLabelMenu" time="3.261" classname="ownAssignments.GMailAssignment"/>
  <testcase name="enterSocialTextAndSelect" time="11.386" classname="ownAssignments.GMailAssignment"/>
  <testcase name="enterToEmailID" time="2.232" classname="ownAssignments.GMailAssignment"/>
  <testcase name="enterSubject" time="2.217" classname="ownAssignments.GMailAssignment"/>
  <testcase name="enterMailBodyContent" time="2.286" classname="ownAssignments.GMailAssignment"/>
  <testcase name="clickOnSendButton" time="2.455" classname="ownAssignments.GMailAssignment"/>
  <testcase name="verifyEmailReceivedInSocialTab" time="5.691" classname="ownAssignments.GMailAssignment"/>
  <testcase name="verifyEmailReceivedAndMarkStar" time="15.927" classname="ownAssignments.GMailAssignment">
    <failure type="org.openqa.selenium.TimeoutException" message="Expected condition failed: waiting for element to be clickable: By.xpath: //span[text()=&amp;apos;In regards with selenium automation&amp;apos;]/parent::div/parent::td/preceding-sibling::td/span[1] (tried for 10 second(s) with 500 milliseconds interval)
Build info: version: &amp;apos;3.141.59&amp;apos;, revision: &amp;apos;e82be7d358&amp;apos;, time: &amp;apos;2018-11-14T08:17:03&amp;apos;
System info: host: &amp;apos;DESKTOP-P0VOKG9&amp;apos;, ip: &amp;apos;192.168.0.105&amp;apos;, os.name: &amp;apos;Windows 10&amp;apos;, os.arch: &amp;apos;amd64&amp;apos;, os.version: &amp;apos;10.0&amp;apos;, java.version: &amp;apos;1.8.0_121&amp;apos;
Driver info: org.openqa.selenium.firefox.FirefoxDriver
Capabilities {acceptInsecureCerts: true, browserName: firefox, browserVersion: 68.0.1, javascriptEnabled: true, moz:accessibilityChecks: false, moz:buildID: 20190717172542, moz:geckodriverVersion: 0.24.0, moz:headless: false, moz:processID: 9044, moz:profile: C:\Users\Atharva\AppData\Lo..., moz:shutdownTimeout: 60000, moz:useNonSpecCompliantPointerOrigin: false, moz:webdriverClick: true, pageLoadStrategy: normal, platform: WINDOWS, platformName: WINDOWS, platformVersion: 10.0, rotatable: false, setWindowRect: true, strictFileInteractability: false, timeouts: {implicit: 0, pageLoad: 300000, script: 30000}, unhandledPromptBehavior: dismiss and notify}
Session ID: 98b2abe8-8096-4285-b799-265472ddccc7">
      <![CDATA[org.openqa.selenium.TimeoutException: Expected condition failed: waiting for element to be clickable: By.xpath: //span[text()='In regards with selenium automation']/parent::div/parent::td/preceding-sibling::td/span[1] (tried for 10 second(s) with 500 milliseconds interval)
Build info: version: '3.141.59', revision: 'e82be7d358', time: '2018-11-14T08:17:03'
System info: host: 'DESKTOP-P0VOKG9', ip: '192.168.0.105', os.name: 'Windows 10', os.arch: 'amd64', os.version: '10.0', java.version: '1.8.0_121'
Driver info: org.openqa.selenium.firefox.FirefoxDriver
Capabilities {acceptInsecureCerts: true, browserName: firefox, browserVersion: 68.0.1, javascriptEnabled: true, moz:accessibilityChecks: false, moz:buildID: 20190717172542, moz:geckodriverVersion: 0.24.0, moz:headless: false, moz:processID: 9044, moz:profile: C:\Users\Atharva\AppData\Lo..., moz:shutdownTimeout: 60000, moz:useNonSpecCompliantPointerOrigin: false, moz:webdriverClick: true, pageLoadStrategy: normal, platform: WINDOWS, platformName: WINDOWS, platformVersion: 10.0, rotatable: false, setWindowRect: true, strictFileInteractability: false, timeouts: {implicit: 0, pageLoad: 300000, script: 30000}, unhandledPromptBehavior: dismiss and notify}
Session ID: 98b2abe8-8096-4285-b799-265472ddccc7
	at org.openqa.selenium.support.ui.WebDriverWait.timeoutException(WebDriverWait.java:95)
	at org.openqa.selenium.support.ui.FluentWait.until(FluentWait.java:272)
	at ownAssignments.GMailAssignment.verifyEmailReceivedAndMarkStar(GMailAssignment.java:124)
... Removed 25 stack frames]]>
    </failure>
  </testcase> <!-- verifyEmailReceivedAndMarkStar -->
  <testcase name="openEmail" time="3.077" classname="ownAssignments.GMailAssignment"/>
</testsuite> <!-- Test -->
