<?xml version="1.0" encoding="UTF-8"?>
<testng-results skipped="0" failed="2" total="13" passed="11">
  <reporter-output>
  </reporter-output>
  <suite name="Suite" duration-ms="84535" started-at="2019-09-28T18:34:18Z" finished-at="2019-09-28T18:35:42Z">
    <groups>
    </groups>
    <test name="Test 1" duration-ms="84535" started-at="2019-09-28T18:34:18Z" finished-at="2019-09-28T18:35:42Z">
      <class name="ownAssignments.GMailAssignmentWithExtentReport">
        <test-method status="PASS" signature="init()[pri:0, instance:ownAssignments.GMailAssignmentWithExtentReport@66a3ffec]" name="init" is-config="true" duration-ms="604" started-at="2019-09-29T00:04:17Z" finished-at="2019-09-29T00:04:18Z">
          <reporter-output>
          </reporter-output>
        </test-method> <!-- init -->
        <test-method status="PASS" signature="launchChromeBrowser(java.lang.String)[pri:0, instance:ownAssignments.GMailAssignmentWithExtentReport@66a3ffec]" name="launchChromeBrowser" is-config="true" duration-ms="8888" started-at="2019-09-29T00:04:18Z" finished-at="2019-09-29T00:04:27Z">
          <params>
            <param index="0">
              <value>
                <![CDATA[chrome]]>
              </value>
            </param>
          </params>
          <reporter-output>
          </reporter-output>
        </test-method> <!-- launchChromeBrowser -->
        <test-method status="PASS" signature="enterEmailIDAndClickOnNextButton()[pri:2, instance:ownAssignments.GMailAssignmentWithExtentReport@66a3ffec]" name="enterEmailIDAndClickOnNextButton" duration-ms="666" started-at="2019-09-29T00:04:27Z" finished-at="2019-09-29T00:04:28Z">
          <reporter-output>
          </reporter-output>
        </test-method> <!-- enterEmailIDAndClickOnNextButton -->
        <test-method status="PASS" signature="updateExtentReport(org.testng.ITestResult)[pri:0, instance:ownAssignments.GMailAssignmentWithExtentReport@66a3ffec]" name="updateExtentReport" is-config="true" duration-ms="15" started-at="2019-09-29T00:04:28Z" finished-at="2019-09-29T00:04:28Z">
          <params>
            <param index="0">
              <value>
                <![CDATA[[TestResult name=enterEmailIDAndClickOnNextButton status=SUCCESS method=GMailAssignmentWithExtentReport.enterEmailIDAndClickOnNextButton()[pri:2, instance:ownAssignments.GMailAssignmentWithExtentReport@66a3ffec] output={null}]]]>
              </value>
            </param>
          </params>
          <reporter-output>
          </reporter-output>
        </test-method> <!-- updateExtentReport -->
        <test-method status="PASS" signature="enterPasswordAndClickOnNext()[pri:3, instance:ownAssignments.GMailAssignmentWithExtentReport@66a3ffec]" name="enterPasswordAndClickOnNext" duration-ms="3399" started-at="2019-09-29T00:04:28Z" finished-at="2019-09-29T00:04:31Z">
          <reporter-output>
          </reporter-output>
        </test-method> <!-- enterPasswordAndClickOnNext -->
        <test-method status="PASS" signature="updateExtentReport(org.testng.ITestResult)[pri:0, instance:ownAssignments.GMailAssignmentWithExtentReport@66a3ffec]" name="updateExtentReport" is-config="true" duration-ms="0" started-at="2019-09-29T00:04:31Z" finished-at="2019-09-29T00:04:31Z">
          <params>
            <param index="0">
              <value>
                <![CDATA[[TestResult name=enterPasswordAndClickOnNext status=SUCCESS method=GMailAssignmentWithExtentReport.enterPasswordAndClickOnNext()[pri:3, instance:ownAssignments.GMailAssignmentWithExtentReport@66a3ffec] output={null}]]]>
              </value>
            </param>
          </params>
          <reporter-output>
          </reporter-output>
        </test-method> <!-- updateExtentReport -->
        <test-method status="PASS" signature="clickOnComposeButton()[pri:4, instance:ownAssignments.GMailAssignmentWithExtentReport@66a3ffec]" name="clickOnComposeButton" duration-ms="14135" started-at="2019-09-29T00:04:31Z" finished-at="2019-09-29T00:04:45Z">
          <reporter-output>
          </reporter-output>
        </test-method> <!-- clickOnComposeButton -->
        <test-method status="PASS" signature="updateExtentReport(org.testng.ITestResult)[pri:0, instance:ownAssignments.GMailAssignmentWithExtentReport@66a3ffec]" name="updateExtentReport" is-config="true" duration-ms="1" started-at="2019-09-29T00:04:45Z" finished-at="2019-09-29T00:04:45Z">
          <params>
            <param index="0">
              <value>
                <![CDATA[[TestResult name=clickOnComposeButton status=SUCCESS method=GMailAssignmentWithExtentReport.clickOnComposeButton()[pri:4, instance:ownAssignments.GMailAssignmentWithExtentReport@66a3ffec] output={null}]]]>
              </value>
            </param>
          </params>
          <reporter-output>
          </reporter-output>
        </test-method> <!-- updateExtentReport -->
        <test-method status="PASS" signature="markSocial()[pri:5, instance:ownAssignments.GMailAssignmentWithExtentReport@66a3ffec]" name="markSocial" duration-ms="3327" started-at="2019-09-29T00:04:45Z" finished-at="2019-09-29T00:04:48Z">
          <reporter-output>
          </reporter-output>
        </test-method> <!-- markSocial -->
        <test-method status="PASS" signature="updateExtentReport(org.testng.ITestResult)[pri:0, instance:ownAssignments.GMailAssignmentWithExtentReport@66a3ffec]" name="updateExtentReport" is-config="true" duration-ms="1" started-at="2019-09-29T00:04:48Z" finished-at="2019-09-29T00:04:48Z">
          <params>
            <param index="0">
              <value>
                <![CDATA[[TestResult name=markSocial status=SUCCESS method=GMailAssignmentWithExtentReport.markSocial()[pri:5, instance:ownAssignments.GMailAssignmentWithExtentReport@66a3ffec] output={null}]]]>
              </value>
            </param>
          </params>
          <reporter-output>
          </reporter-output>
        </test-method> <!-- updateExtentReport -->
        <test-method status="PASS" signature="hoverMouseOverLabelMenu()[pri:6, instance:ownAssignments.GMailAssignmentWithExtentReport@66a3ffec]" name="hoverMouseOverLabelMenu" duration-ms="3285" started-at="2019-09-29T00:04:48Z" finished-at="2019-09-29T00:04:52Z">
          <reporter-output>
          </reporter-output>
        </test-method> <!-- hoverMouseOverLabelMenu -->
        <test-method status="PASS" signature="updateExtentReport(org.testng.ITestResult)[pri:0, instance:ownAssignments.GMailAssignmentWithExtentReport@66a3ffec]" name="updateExtentReport" is-config="true" duration-ms="1" started-at="2019-09-29T00:04:52Z" finished-at="2019-09-29T00:04:52Z">
          <params>
            <param index="0">
              <value>
                <![CDATA[[TestResult name=hoverMouseOverLabelMenu status=SUCCESS method=GMailAssignmentWithExtentReport.hoverMouseOverLabelMenu()[pri:6, instance:ownAssignments.GMailAssignmentWithExtentReport@66a3ffec] output={null}]]]>
              </value>
            </param>
          </params>
          <reporter-output>
          </reporter-output>
        </test-method> <!-- updateExtentReport -->
        <test-method status="PASS" signature="enterSocialTextAndSelect()[pri:7, instance:ownAssignments.GMailAssignmentWithExtentReport@66a3ffec]" name="enterSocialTextAndSelect" duration-ms="11413" started-at="2019-09-29T00:04:52Z" finished-at="2019-09-29T00:05:03Z">
          <reporter-output>
          </reporter-output>
        </test-method> <!-- enterSocialTextAndSelect -->
        <test-method status="PASS" signature="updateExtentReport(org.testng.ITestResult)[pri:0, instance:ownAssignments.GMailAssignmentWithExtentReport@66a3ffec]" name="updateExtentReport" is-config="true" duration-ms="15" started-at="2019-09-29T00:05:03Z" finished-at="2019-09-29T00:05:03Z">
          <params>
            <param index="0">
              <value>
                <![CDATA[[TestResult name=enterSocialTextAndSelect status=SUCCESS method=GMailAssignmentWithExtentReport.enterSocialTextAndSelect()[pri:7, instance:ownAssignments.GMailAssignmentWithExtentReport@66a3ffec] output={null}]]]>
              </value>
            </param>
          </params>
          <reporter-output>
          </reporter-output>
        </test-method> <!-- updateExtentReport -->
        <test-method status="PASS" signature="enterToEmailID()[pri:8, instance:ownAssignments.GMailAssignmentWithExtentReport@66a3ffec]" name="enterToEmailID" duration-ms="2569" started-at="2019-09-29T00:05:03Z" finished-at="2019-09-29T00:05:06Z">
          <reporter-output>
          </reporter-output>
        </test-method> <!-- enterToEmailID -->
        <test-method status="PASS" signature="updateExtentReport(org.testng.ITestResult)[pri:0, instance:ownAssignments.GMailAssignmentWithExtentReport@66a3ffec]" name="updateExtentReport" is-config="true" duration-ms="0" started-at="2019-09-29T00:05:06Z" finished-at="2019-09-29T00:05:06Z">
          <params>
            <param index="0">
              <value>
                <![CDATA[[TestResult name=enterToEmailID status=SUCCESS method=GMailAssignmentWithExtentReport.enterToEmailID()[pri:8, instance:ownAssignments.GMailAssignmentWithExtentReport@66a3ffec] output={null}]]]>
              </value>
            </param>
          </params>
          <reporter-output>
          </reporter-output>
        </test-method> <!-- updateExtentReport -->
        <test-method status="PASS" signature="enterSubject()[pri:9, instance:ownAssignments.GMailAssignmentWithExtentReport@66a3ffec]" name="enterSubject" duration-ms="2818" started-at="2019-09-29T00:05:06Z" finished-at="2019-09-29T00:05:09Z">
          <reporter-output>
          </reporter-output>
        </test-method> <!-- enterSubject -->
        <test-method status="PASS" signature="updateExtentReport(org.testng.ITestResult)[pri:0, instance:ownAssignments.GMailAssignmentWithExtentReport@66a3ffec]" name="updateExtentReport" is-config="true" duration-ms="1" started-at="2019-09-29T00:05:09Z" finished-at="2019-09-29T00:05:09Z">
          <params>
            <param index="0">
              <value>
                <![CDATA[[TestResult name=enterSubject status=SUCCESS method=GMailAssignmentWithExtentReport.enterSubject()[pri:9, instance:ownAssignments.GMailAssignmentWithExtentReport@66a3ffec] output={null}]]]>
              </value>
            </param>
          </params>
          <reporter-output>
          </reporter-output>
        </test-method> <!-- updateExtentReport -->
        <test-method status="PASS" signature="enterMailBodyContent()[pri:10, instance:ownAssignments.GMailAssignmentWithExtentReport@66a3ffec]" name="enterMailBodyContent" duration-ms="3025" started-at="2019-09-29T00:05:09Z" finished-at="2019-09-29T00:05:12Z">
          <reporter-output>
          </reporter-output>
        </test-method> <!-- enterMailBodyContent -->
        <test-method status="PASS" signature="updateExtentReport(org.testng.ITestResult)[pri:0, instance:ownAssignments.GMailAssignmentWithExtentReport@66a3ffec]" name="updateExtentReport" is-config="true" duration-ms="1" started-at="2019-09-29T00:05:12Z" finished-at="2019-09-29T00:05:12Z">
          <params>
            <param index="0">
              <value>
                <![CDATA[[TestResult name=enterMailBodyContent status=SUCCESS method=GMailAssignmentWithExtentReport.enterMailBodyContent()[pri:10, instance:ownAssignments.GMailAssignmentWithExtentReport@66a3ffec] output={null}]]]>
              </value>
            </param>
          </params>
          <reporter-output>
          </reporter-output>
        </test-method> <!-- updateExtentReport -->
        <test-method status="PASS" signature="clickOnSendButton()[pri:11, instance:ownAssignments.GMailAssignmentWithExtentReport@66a3ffec]" name="clickOnSendButton" duration-ms="2351" started-at="2019-09-29T00:05:12Z" finished-at="2019-09-29T00:05:14Z">
          <reporter-output>
          </reporter-output>
        </test-method> <!-- clickOnSendButton -->
        <test-method status="PASS" signature="updateExtentReport(org.testng.ITestResult)[pri:0, instance:ownAssignments.GMailAssignmentWithExtentReport@66a3ffec]" name="updateExtentReport" is-config="true" duration-ms="1" started-at="2019-09-29T00:05:14Z" finished-at="2019-09-29T00:05:14Z">
          <params>
            <param index="0">
              <value>
                <![CDATA[[TestResult name=clickOnSendButton status=SUCCESS method=GMailAssignmentWithExtentReport.clickOnSendButton()[pri:11, instance:ownAssignments.GMailAssignmentWithExtentReport@66a3ffec] output={null}]]]>
              </value>
            </param>
          </params>
          <reporter-output>
          </reporter-output>
        </test-method> <!-- updateExtentReport -->
        <test-method status="PASS" signature="verifyEmailReceivedInSocialTab()[pri:12, instance:ownAssignments.GMailAssignmentWithExtentReport@66a3ffec]" name="verifyEmailReceivedInSocialTab" duration-ms="6061" started-at="2019-09-29T00:05:14Z" finished-at="2019-09-29T00:05:20Z">
          <reporter-output>
          </reporter-output>
        </test-method> <!-- verifyEmailReceivedInSocialTab -->
        <test-method status="PASS" signature="updateExtentReport(org.testng.ITestResult)[pri:0, instance:ownAssignments.GMailAssignmentWithExtentReport@66a3ffec]" name="updateExtentReport" is-config="true" duration-ms="2" started-at="2019-09-29T00:05:20Z" finished-at="2019-09-29T00:05:20Z">
          <params>
            <param index="0">
              <value>
                <![CDATA[[TestResult name=verifyEmailReceivedInSocialTab status=SUCCESS method=GMailAssignmentWithExtentReport.verifyEmailReceivedInSocialTab()[pri:12, instance:ownAssignments.GMailAssignmentWithExtentReport@66a3ffec] output={null}]]]>
              </value>
            </param>
          </params>
          <reporter-output>
          </reporter-output>
        </test-method> <!-- updateExtentReport -->
        <test-method status="FAIL" signature="verifyEmailReceivedAndMarkStar()[pri:13, instance:ownAssignments.GMailAssignmentWithExtentReport@66a3ffec]" name="verifyEmailReceivedAndMarkStar" duration-ms="18301" started-at="2019-09-29T00:05:20Z" finished-at="2019-09-29T00:05:38Z">
          <exception class="org.openqa.selenium.TimeoutException">
            <message>
              <![CDATA[Expected condition failed: waiting for element to be clickable: By.xpath: //span[text()='In regards with selenium automation']/parent::div/parent::td/preceding-sibling::td/span[1] (tried for 10 second(s) with 500 milliseconds interval)
Build info: version: '3.141.59', revision: 'e82be7d358', time: '2018-11-14T08:17:03'
System info: host: 'DESKTOP-P0VOKG9', ip: '192.168.0.102', os.name: 'Windows 10', os.arch: 'amd64', os.version: '10.0', java.version: '1.8.0_121'
Driver info: org.openqa.selenium.chrome.ChromeDriver
Capabilities {acceptInsecureCerts: false, browserName: chrome, browserVersion: 77.0.3865.90, chrome: {chromedriverVersion: 76.0.3809.126 (d80a294506b4..., userDataDir: C:\Users\Atharva\AppData\Lo...}, goog:chromeOptions: {debuggerAddress: localhost:49631}, javascriptEnabled: true, networkConnectionEnabled: false, pageLoadStrategy: normal, platform: XP, platformName: XP, proxy: Proxy(), setWindowRect: true, strictFileInteractability: false, timeouts: {implicit: 0, pageLoad: 300000, script: 30000}, unhandledPromptBehavior: dismiss and notify}
Session ID: e8f6c789b8ee605093018575ccdc6415]]>
            </message>
            <full-stacktrace>
              <![CDATA[org.openqa.selenium.TimeoutException: Expected condition failed: waiting for element to be clickable: By.xpath: //span[text()='In regards with selenium automation']/parent::div/parent::td/preceding-sibling::td/span[1] (tried for 10 second(s) with 500 milliseconds interval)
Build info: version: '3.141.59', revision: 'e82be7d358', time: '2018-11-14T08:17:03'
System info: host: 'DESKTOP-P0VOKG9', ip: '192.168.0.102', os.name: 'Windows 10', os.arch: 'amd64', os.version: '10.0', java.version: '1.8.0_121'
Driver info: org.openqa.selenium.chrome.ChromeDriver
Capabilities {acceptInsecureCerts: false, browserName: chrome, browserVersion: 77.0.3865.90, chrome: {chromedriverVersion: 76.0.3809.126 (d80a294506b4..., userDataDir: C:\Users\Atharva\AppData\Lo...}, goog:chromeOptions: {debuggerAddress: localhost:49631}, javascriptEnabled: true, networkConnectionEnabled: false, pageLoadStrategy: normal, platform: XP, platformName: XP, proxy: Proxy(), setWindowRect: true, strictFileInteractability: false, timeouts: {implicit: 0, pageLoad: 300000, script: 30000}, unhandledPromptBehavior: dismiss and notify}
Session ID: e8f6c789b8ee605093018575ccdc6415
	at org.openqa.selenium.support.ui.WebDriverWait.timeoutException(WebDriverWait.java:95)
	at org.openqa.selenium.support.ui.FluentWait.until(FluentWait.java:272)
	at ownAssignments.GMailAssignmentWithExtentReport.verifyEmailReceivedAndMarkStar(GMailAssignmentWithExtentReport.java:184)
	at sun.reflect.NativeMethodAccessorImpl.invoke0(Native Method)
	at sun.reflect.NativeMethodAccessorImpl.invoke(NativeMethodAccessorImpl.java:62)
	at sun.reflect.DelegatingMethodAccessorImpl.invoke(DelegatingMethodAccessorImpl.java:43)
	at java.lang.reflect.Method.invoke(Method.java:498)
	at org.testng.internal.MethodInvocationHelper.invokeMethod(MethodInvocationHelper.java:86)
	at org.testng.internal.Invoker.invokeMethod(Invoker.java:646)
	at org.testng.internal.Invoker.invokeTestMethod(Invoker.java:823)
	at org.testng.internal.Invoker.invokeTestMethods(Invoker.java:1131)
	at org.testng.internal.TestMethodWorker.invokeTestMethods(TestMethodWorker.java:129)
	at org.testng.internal.TestMethodWorker.run(TestMethodWorker.java:112)
	at org.testng.TestRunner.privateRun(TestRunner.java:778)
	at org.testng.TestRunner.run(TestRunner.java:632)
	at org.testng.SuiteRunner.runTest(SuiteRunner.java:366)
	at org.testng.SuiteRunner.access$000(SuiteRunner.java:39)
	at org.testng.SuiteRunner$SuiteWorker.run(SuiteRunner.java:400)
	at org.testng.internal.thread.ThreadUtil$2.call(ThreadUtil.java:64)
	at java.util.concurrent.FutureTask.run(FutureTask.java:266)
	at java.util.concurrent.ThreadPoolExecutor.runWorker(ThreadPoolExecutor.java:1142)
	at java.util.concurrent.ThreadPoolExecutor$Worker.run(ThreadPoolExecutor.java:617)
	at java.lang.Thread.run(Thread.java:745)
]]>
            </full-stacktrace>
          </exception> <!-- org.openqa.selenium.TimeoutException -->
          <reporter-output>
          </reporter-output>
        </test-method> <!-- verifyEmailReceivedAndMarkStar -->
        <test-method status="PASS" signature="updateExtentReport(org.testng.ITestResult)[pri:0, instance:ownAssignments.GMailAssignmentWithExtentReport@66a3ffec]" name="updateExtentReport" is-config="true" duration-ms="2" started-at="2019-09-29T00:05:38Z" finished-at="2019-09-29T00:05:38Z">
          <params>
            <param index="0">
              <value>
                <![CDATA[[TestResult name=verifyEmailReceivedAndMarkStar status=FAILURE method=GMailAssignmentWithExtentReport.verifyEmailReceivedAndMarkStar()[pri:13, instance:ownAssignments.GMailAssignmentWithExtentReport@66a3ffec] output={null}]]]>
              </value>
            </param>
          </params>
          <reporter-output>
          </reporter-output>
        </test-method> <!-- updateExtentReport -->
        <test-method status="FAIL" signature="openEmail()[pri:15, instance:ownAssignments.GMailAssignmentWithExtentReport@66a3ffec]" name="openEmail" duration-ms="4180" started-at="2019-09-29T00:05:38Z" finished-at="2019-09-29T00:05:42Z">
          <exception class="java.lang.AssertionError">
            <message>
              <![CDATA[expected [true] but found [false]]]>
            </message>
            <full-stacktrace>
              <![CDATA[java.lang.AssertionError: expected [true] but found [false]
	at org.testng.Assert.fail(Assert.java:94)
	at org.testng.Assert.failNotEquals(Assert.java:513)
	at org.testng.Assert.assertTrue(Assert.java:42)
	at org.testng.Assert.assertTrue(Assert.java:52)
	at ownAssignments.GMailAssignmentWithExtentReport.openEmail(GMailAssignmentWithExtentReport.java:205)
	at sun.reflect.NativeMethodAccessorImpl.invoke0(Native Method)
	at sun.reflect.NativeMethodAccessorImpl.invoke(NativeMethodAccessorImpl.java:62)
	at sun.reflect.DelegatingMethodAccessorImpl.invoke(DelegatingMethodAccessorImpl.java:43)
	at java.lang.reflect.Method.invoke(Method.java:498)
	at org.testng.internal.MethodInvocationHelper.invokeMethod(MethodInvocationHelper.java:86)
	at org.testng.internal.Invoker.invokeMethod(Invoker.java:646)
	at org.testng.internal.Invoker.invokeTestMethod(Invoker.java:823)
	at org.testng.internal.Invoker.invokeTestMethods(Invoker.java:1131)
	at org.testng.internal.TestMethodWorker.invokeTestMethods(TestMethodWorker.java:129)
	at org.testng.internal.TestMethodWorker.run(TestMethodWorker.java:112)
	at org.testng.TestRunner.privateRun(TestRunner.java:778)
	at org.testng.TestRunner.run(TestRunner.java:632)
	at org.testng.SuiteRunner.runTest(SuiteRunner.java:366)
	at org.testng.SuiteRunner.access$000(SuiteRunner.java:39)
	at org.testng.SuiteRunner$SuiteWorker.run(SuiteRunner.java:400)
	at org.testng.internal.thread.ThreadUtil$2.call(ThreadUtil.java:64)
	at java.util.concurrent.FutureTask.run(FutureTask.java:266)
	at java.util.concurrent.ThreadPoolExecutor.runWorker(ThreadPoolExecutor.java:1142)
	at java.util.concurrent.ThreadPoolExecutor$Worker.run(ThreadPoolExecutor.java:617)
	at java.lang.Thread.run(Thread.java:745)
]]>
            </full-stacktrace>
          </exception> <!-- java.lang.AssertionError -->
          <reporter-output>
          </reporter-output>
        </test-method> <!-- openEmail -->
        <test-method status="PASS" signature="updateExtentReport(org.testng.ITestResult)[pri:0, instance:ownAssignments.GMailAssignmentWithExtentReport@66a3ffec]" name="updateExtentReport" is-config="true" duration-ms="1" started-at="2019-09-29T00:05:42Z" finished-at="2019-09-29T00:05:42Z">
          <params>
            <param index="0">
              <value>
                <![CDATA[[TestResult name=openEmail status=FAILURE method=GMailAssignmentWithExtentReport.openEmail()[pri:15, instance:ownAssignments.GMailAssignmentWithExtentReport@66a3ffec] output={null}]]]>
              </value>
            </param>
          </params>
          <reporter-output>
          </reporter-output>
        </test-method> <!-- updateExtentReport -->
        <test-method status="PASS" signature="flushExtent()[pri:0, instance:ownAssignments.GMailAssignmentWithExtentReport@66a3ffec]" name="flushExtent" is-config="true" duration-ms="612" started-at="2019-09-29T00:05:43Z" finished-at="2019-09-29T00:05:43Z">
          <reporter-output>
          </reporter-output>
        </test-method> <!-- flushExtent -->
      </class> <!-- ownAssignments.GMailAssignmentWithExtentReport -->
    </test> <!-- Test 1 -->
  </suite> <!-- Suite -->
</testng-results>
